// LEV1ATHAN Version 1.0, 21 september 2009
// COMMENT: Pre-processing the input file to count the leaves
// COMMENT: Pre-processing showed that there are 239 leaves in the input.
// SUMMARY: Input had 239 leaves.
// COMMENT: Not a dense input set.
// COMMENT: Currently 587732 triplets in the input, padding it with 0-weight triplets to make a dense set.
// SUMMARY: There are 2286132 triplets in the input.
// SUMMARY: (Some of these will be 0-weight triplets that I added).
// SUMMARY: Total weight of input triplets is 587732.
// COMMENT: We achieved non-trivial local perfection.
// COMMENT: We achieved non-trivial local perfection.
// SUMMARY: (Before post-processing)
// SUMMARY: We got 437545 units of triplet weight, that's 74.44% of total weight.
// SUMMARY: In total 150187 units of triplet weight were -not- consistent with the ouput network.
// SUMMARY: Output network contained 2749901 triplets -not- in the original input.
// SUMMARY: The symmetric difference is thus 150187 + (1 * 2749901) = 2900088
// SUMMARY: (After post-processing)
strict digraph G1 {
edge [fontsize=8]
labelbox [shape=box, width=0.4, label="File: HydeToTriplets.txt\nNumber of triplets: 587732\nWeight of triplets: 587732\nOverall %: 74.44%"];
1000 [shape=point];
1001 [shape=point];
1002 [shape=point];
150 [shape=box, width=0.3, label="212\n(71.87%)"];
151 [shape=box, width=0.3, label="213\n(71.41%)"];
182 [shape=box, width=0.3, label="207\n(68.39%)"];
195 [shape=box, width=0.3, label="192\n(78.11%)"];
1007 [shape=point];
1008 [shape=point];
14 [shape=box, width=0.3, label="232\n(75.78%)"];
149 [shape=box, width=0.3, label="206\n(71.61%)"];
155 [shape=box, width=0.3, label="211\n(72.65%)"];
223 [shape=box, width=0.3, label="146\n(65.09%)"];
1013 [shape=point];
1014 [shape=point];
18 [shape=box, width=0.3, label="181\n(75.85%)"];
48 [shape=box, width=0.3, label="198\n(66.23%)"];
1017 [shape=point];
154 [shape=box, width=0.3, label="209\n(71.48%)"];
219 [shape=box, width=0.3, label="190\n(72.64%)"];
157 [shape=box, width=0.3, label="200\n(68.12%)"];
158 [shape=box, width=0.3, label="210\n(69.28%)"];
231 [shape=box, width=0.3, label="228\n(58.68%)"];
1023 [shape=point];
1024 [shape=point];
13 [shape=box, width=0.3, label="231\n(76.91%)"];
143 [shape=box, width=0.3, label="130\n(69.02%)"];
156 [shape=box, width=0.3, label="182\n(76.77%)"];
206 [shape=box, width=0.3, label="195\n(72.56%)"];
216 [shape=box, width=0.3, label="189\n(72.32%)"];
1030 [shape=point];
1031 [shape=point];
32 [shape=box, width=0.3, label="184\n(62.63%)"];
122 [shape=box, width=0.3, label="204\n(66.64%)"];
194 [shape=box, width=0.3, label="157\n(66.2%)"];
225 [shape=box, width=0.3, label="167\n(71.32%)"];
1036 [shape=point];
1037 [shape=point];
1038 [shape=point];
1039 [shape=point];
1040 [shape=point];
1041 [shape=point];
1042 [shape=point];
1043 [shape=point];
7 [shape=box, width=0.3, label="7\n(62.24%)"];
175 [shape=box, width=0.3, label="53\n(75.93%)"];
176 [shape=box, width=0.3, label="54\n(76.29%)"];
61 [shape=box, width=0.3, label="176\n(71.54%)"];
79 [shape=box, width=0.3, label="177\n(70.97%)"];
16 [shape=box, width=0.3, label="234\n(74.21%)"];
77 [shape=box, width=0.3, label="128\n(71.33%)"];
15 [shape=box, width=0.3, label="233\n(75.04%)"];
78 [shape=box, width=0.3, label="129\n(71.77%)"];
1053 [shape=point];
1054 [shape=point];
59 [shape=box, width=0.3, label="174\n(75.79%)"];
152 [shape=box, width=0.3, label="178\n(76.55%)"];
1057 [shape=point];
1058 [shape=point];
203 [shape=box, width=0.3, label="49\n(66.78%)"];
1060 [shape=point];
43 [shape=box, width=0.3, label="180\n(75.11%)"];
1062 [shape=point];
1063 [shape=point];
1064 [shape=point];
10 [shape=box, width=0.3, label="38\n(68.71%)"];
1066 [shape=point];
44 [shape=box, width=0.3, label="30\n(59.84%)"];
45 [shape=box, width=0.3, label="31\n(59.15%)"];
62 [shape=box, width=0.3, label="39\n(63.77%)"];
226 [shape=box, width=0.3, label="51\n(59.1%)"];
1071 [shape=point];
227 [shape=box, width=0.3, label="52\n(60.41%)"];
204 [shape=box, width=0.3, label="50\n(66.28%)"];
229 [shape=box, width=0.3, label="148\n(64.33%)"];
1075 [shape=point];
1076 [shape=point];
1077 [shape=point];
58 [shape=box, width=0.3, label="172\n(72.45%)"];
1079 [shape=point];
146 [shape=box, width=0.3, label="127\n(77.93%)"];
147 [shape=box, width=0.3, label="179\n(77.59%)"];
184 [shape=box, width=0.3, label="159\n(69.33%)"];
228 [shape=box, width=0.3, label="147\n(68.71%)"];
1084 [shape=point];
1085 [shape=point];
1086 [shape=point];
1087 [shape=point];
178 [shape=box, width=0.3, label="84\n(80.19%)"];
1089 [shape=point];
1090 [shape=point];
1091 [shape=point];
1092 [shape=point];
56 [shape=box, width=0.3, label="71\n(80.71%)"];
132 [shape=box, width=0.3, label="156\n(82.86%)"];
1095 [shape=point];
1096 [shape=point];
1097 [shape=point];
1098 [shape=point];
8 [shape=box, width=0.3, label="58\n(80.13%)"];
85 [shape=box, width=0.3, label="109\n(80.95%)"];
207 [shape=box, width=0.3, label="72\n(77.51%)"];
1102 [shape=point];
1103 [shape=point];
73 [shape=box, width=0.3, label="45\n(74.96%)"];
83 [shape=box, width=0.3, label="95\n(82.33%)"];
1106 [shape=point];
1107 [shape=point];
1108 [shape=point];
54 [shape=box, width=0.3, label="56\n(80.61%)"];
127 [shape=box, width=0.3, label="91\n(78.91%)"];
1111 [shape=point];
1112 [shape=point];
70 [shape=box, width=0.3, label="43\n(75.36%)"];
71 [shape=box, width=0.3, label="86\n(82.29%)"];
234 [shape=box, width=0.3, label="6\n(78.9%)"];
235 [shape=box, width=0.3, label="79\n(79.0%)"];
1117 [shape=point];
1118 [shape=point];
1119 [shape=point];
1120 [shape=point];
1121 [shape=point];
238 [shape=box, width=0.3, label="77\n(68.83%)"];
1123 [shape=point];
237 [shape=box, width=0.3, label="76\n(68.88%)"];
1125 [shape=point];
239 [shape=box, width=0.3, label="78\n(68.87%)"];
1127 [shape=point];
1128 [shape=point];
33 [shape=box, width=0.3, label="22\n(86.02%)"];
1130 [shape=point];
1131 [shape=point];
111 [shape=box, width=0.3, label="68\n(85.97%)"];
215 [shape=box, width=0.3, label="21\n(85.1%)"];
1134 [shape=point];
1135 [shape=point];
25 [shape=box, width=0.3, label="16\n(85.93%)"];
28 [shape=box, width=0.3, label="17\n(86.33%)"];
30 [shape=box, width=0.3, label="19\n(84.68%)"];
50 [shape=box, width=0.3, label="35\n(87.51%)"];
51 [shape=box, width=0.3, label="36\n(86.06%)"];
69 [shape=box, width=0.3, label="69\n(86.6%)"];
1142 [shape=point];
35 [shape=box, width=0.3, label="23\n(86.87%)"];
1144 [shape=point];
1145 [shape=point];
1146 [shape=point];
1147 [shape=point];
9 [shape=box, width=0.3, label="9\n(83.82%)"];
17 [shape=box, width=0.3, label="10\n(82.56%)"];
19 [shape=box, width=0.3, label="11\n(84.49%)"];
20 [shape=box, width=0.3, label="12\n(84.02%)"];
46 [shape=box, width=0.3, label="34\n(80.26%)"];
209 [shape=box, width=0.3, label="13\n(76.85%)"];
210 [shape=box, width=0.3, label="14\n(78.1%)"];
31 [shape=box, width=0.3, label="20\n(84.98%)"];
236 [shape=box, width=0.3, label="75\n(68.22%)"];
222 [shape=box, width=0.3, label="29\n(79.81%)"];
52 [shape=box, width=0.3, label="37\n(86.27%)"];
221 [shape=box, width=0.3, label="28\n(81.08%)"];
1160 [shape=point];
3 [shape=box, width=0.3, label="5\n(75.48%)"];
82 [shape=box, width=0.3, label="94\n(84.15%)"];
1163 [shape=point];
101 [shape=box, width=0.3, label="219\n(79.17%)"];
168 [shape=box, width=0.3, label="218\n(78.53%)"];
174 [shape=box, width=0.3, label="8\n(74.42%)"];
41 [shape=box, width=0.3, label="26\n(81.41%)"];
42 [shape=box, width=0.3, label="27\n(81.29%)"];
1169 [shape=point];
53 [shape=box, width=0.3, label="55\n(82.8%)"];
80 [shape=box, width=0.3, label="85\n(83.02%)"];
218 [shape=box, width=0.3, label="150\n(81.01%)"];
81 [shape=box, width=0.3, label="93\n(82.8%)"];
130 [shape=box, width=0.3, label="104\n(80.16%)"];
55 [shape=box, width=0.3, label="70\n(82.12%)"];
126 [shape=box, width=0.3, label="90\n(79.33%)"];
100 [shape=box, width=0.3, label="154\n(78.81%)"];
144 [shape=box, width=0.3, label="117\n(80.77%)"];
208 [shape=box, width=0.3, label="73\n(77.97%)"];
177 [shape=box, width=0.3, label="83\n(79.48%)"];
230 [shape=box, width=0.3, label="80\n(74.28%)"];
1182 [shape=point];
1183 [shape=point];
1184 [shape=point];
1185 [shape=point];
125 [shape=box, width=0.3, label="89\n(79.55%)"];
141 [shape=box, width=0.3, label="112\n(78.89%)"];
1188 [shape=point];
1189 [shape=point];
1190 [shape=point];
6 [shape=box, width=0.3, label="57\n(80.61%)"];
84 [shape=box, width=0.3, label="108\n(82.01%)"];
129 [shape=box, width=0.3, label="96\n(79.52%)"];
1194 [shape=point];
1195 [shape=point];
1196 [shape=point];
1197 [shape=point];
1 [shape=box, width=0.3, label="110\n(79.45%)"];
173 [shape=box, width=0.3, label="2\n(80.71%)"];
1200 [shape=point];
1201 [shape=point];
1202 [shape=point];
2 [shape=box, width=0.3, label="1\n(81.28%)"];
63 [shape=box, width=0.3, label="87\n(81.38%)"];
29 [shape=box, width=0.3, label="18\n(83.15%)"];
67 [shape=box, width=0.3, label="88\n(80.43%)"];
68 [shape=box, width=0.3, label="193\n(76.75%)"];
135 [shape=box, width=0.3, label="238\n(77.43%)"];
98 [shape=box, width=0.3, label="152\n(78.16%)"];
128 [shape=box, width=0.3, label="92\n(78.64%)"];
97 [shape=box, width=0.3, label="151\n(78.35%)"];
140 [shape=box, width=0.3, label="111\n(79.88%)"];
131 [shape=box, width=0.3, label="105\n(79.69%)"];
142 [shape=box, width=0.3, label="113\n(78.84%)"];
99 [shape=box, width=0.3, label="153\n(79.17%)"];
145 [shape=box, width=0.3, label="118\n(77.81%)"];
1217 [shape=point];
1218 [shape=point];
1219 [shape=point];
1220 [shape=point];
57 [shape=box, width=0.3, label="115\n(63.84%)"];
1222 [shape=point];
179 [shape=box, width=0.3, label="97\n(66.29%)"];
180 [shape=box, width=0.3, label="98\n(65.13%)"];
202 [shape=box, width=0.3, label="116\n(75.17%)"];
60 [shape=box, width=0.3, label="175\n(65.79%)"];
171 [shape=box, width=0.3, label="229\n(66.89%)"];
185 [shape=box, width=0.3, label="160\n(69.07%)"];
1229 [shape=point];
172 [shape=box, width=0.3, label="230\n(62.41%)"];
26 [shape=box, width=0.3, label="235\n(78.38%)"];
27 [shape=box, width=0.3, label="236\n(78.1%)"];
34 [shape=box, width=0.3, label="145\n(66.07%)"];
159 [shape=box, width=0.3, label="191\n(66.41%)"];
224 [shape=box, width=0.3, label="149\n(75.83%)"];
1236 [shape=point];
1237 [shape=point];
148 [shape=box, width=0.3, label="205\n(78.94%)"];
161 [shape=box, width=0.3, label="188\n(72.65%)"];
167 [shape=box, width=0.3, label="215\n(79.43%)"];
169 [shape=box, width=0.3, label="224\n(74.82%)"];
170 [shape=box, width=0.3, label="225\n(78.51%)"];
1243 [shape=point];
1244 [shape=point];
4 [shape=box, width=0.3, label="222\n(67.7%)"];
123 [shape=box, width=0.3, label="226\n(68.86%)"];
162 [shape=box, width=0.3, label="194\n(69.15%)"];
164 [shape=box, width=0.3, label="201\n(69.28%)"];
166 [shape=box, width=0.3, label="214\n(69.05%)"];
1250 [shape=point];
1251 [shape=point];
1252 [shape=point];
12 [shape=box, width=0.3, label="106\n(75.93%)"];
119 [shape=box, width=0.3, label="196\n(72.11%)"];
121 [shape=box, width=0.3, label="203\n(73.38%)"];
49 [shape=box, width=0.3, label="199\n(76.97%)"];
116 [shape=box, width=0.3, label="143\n(77.64%)"];
191 [shape=box, width=0.3, label="169\n(68.78%)"];
1259 [shape=point];
1260 [shape=point];
139 [shape=box, width=0.3, label="208\n(66.83%)"];
153 [shape=box, width=0.3, label="155\n(73.21%)"];
165 [shape=box, width=0.3, label="202\n(67.0%)"];
183 [shape=box, width=0.3, label="158\n(72.58%)"];
190 [shape=box, width=0.3, label="103\n(73.75%)"];
196 [shape=box, width=0.3, label="102\n(73.85%)"];
1267 [shape=point];
1268 [shape=point];
117 [shape=box, width=0.3, label="144\n(79.31%)"];
1270 [shape=point];
1271 [shape=point];
1272 [shape=point];
114 [shape=box, width=0.3, label="107\n(75.32%)"];
214 [shape=box, width=0.3, label="142\n(76.69%)"];
120 [shape=box, width=0.3, label="197\n(69.89%)"];
1276 [shape=point];
213 [shape=box, width=0.3, label="141\n(76.6%)"];
1278 [shape=point];
115 [shape=box, width=0.3, label="139\n(77.87%)"];
137 [shape=box, width=0.3, label="140\n(78.95%)"];
1281 [shape=point];
1282 [shape=point];
1283 [shape=point];
1284 [shape=point];
1285 [shape=point];
75 [shape=box, width=0.3, label="125\n(75.98%)"];
205 [shape=box, width=0.3, label="101\n(76.85%)"];
181 [shape=box, width=0.3, label="170\n(73.45%)"];
124 [shape=box, width=0.3, label="171\n(70.67%)"];
118 [shape=box, width=0.3, label="183\n(74.9%)"];
201 [shape=box, width=0.3, label="126\n(57.53%)"];
1292 [shape=point];
1293 [shape=point];
1294 [shape=point];
136 [shape=box, width=0.3, label="114\n(74.3%)"];
1296 [shape=point];
1297 [shape=point];
92 [shape=box, width=0.3, label="134\n(73.28%)"];
134 [shape=box, width=0.3, label="217\n(72.56%)"];
1300 [shape=point];
186 [shape=box, width=0.3, label="221\n(70.35%)"];
160 [shape=box, width=0.3, label="187\n(70.87%)"];
193 [shape=box, width=0.3, label="168\n(70.04%)"];
1304 [shape=point];
1305 [shape=point];
1306 [shape=point];
1307 [shape=point];
217 [shape=box, width=0.3, label="123\n(76.46%)"];
1309 [shape=point];
38 [shape=box, width=0.3, label="163\n(74.47%)"];
1311 [shape=point];
1312 [shape=point];
1313 [shape=point];
1314 [shape=point];
1315 [shape=point];
1316 [shape=point];
1317 [shape=point];
1318 [shape=point];
1319 [shape=point];
1320 [shape=point];
1321 [shape=point];
1322 [shape=point];
1323 [shape=point];
21 [shape=box, width=0.3, label="15\n(72.2%)"];
47 [shape=box, width=0.3, label="47\n(73.02%)"];
74 [shape=box, width=0.3, label="46\n(75.2%)"];
76 [shape=box, width=0.3, label="48\n(75.56%)"];
188 [shape=box, width=0.3, label="33\n(74.37%)"];
212 [shape=box, width=0.3, label="32\n(75.26%)"];
72 [shape=box, width=0.3, label="44\n(73.19%)"];
104 [shape=box, width=0.3, label="64\n(73.69%)"];
220 [shape=box, width=0.3, label="25\n(68.68%)"];
65 [shape=box, width=0.3, label="41\n(74.67%)"];
1334 [shape=point];
1335 [shape=point];
22 [shape=box, width=0.3, label="24\n(68.96%)"];
37 [shape=box, width=0.3, label="162\n(73.81%)"];
36 [shape=box, width=0.3, label="161\n(71.07%)"];
187 [shape=box, width=0.3, label="3\n(64.03%)"];
200 [shape=box, width=0.3, label="4\n(63.87%)"];
232 [shape=box, width=0.3, label="227\n(66.1%)"];
1342 [shape=point];
64 [shape=box, width=0.3, label="40\n(72.58%)"];
66 [shape=box, width=0.3, label="42\n(74.59%)"];
1345 [shape=point];
1346 [shape=point];
103 [shape=box, width=0.3, label="63\n(73.68%)"];
112 [shape=box, width=0.3, label="81\n(69.79%)"];
113 [shape=box, width=0.3, label="82\n(67.4%)"];
105 [shape=box, width=0.3, label="65\n(77.21%)"];
138 [shape=box, width=0.3, label="165\n(76.02%)"];
40 [shape=box, width=0.3, label="166\n(76.13%)"];
106 [shape=box, width=0.3, label="66\n(76.55%)"];
88 [shape=box, width=0.3, label="124\n(76.16%)"];
199 [shape=box, width=0.3, label="120\n(75.24%)"];
197 [shape=box, width=0.3, label="186\n(77.28%)"];
198 [shape=box, width=0.3, label="119\n(75.57%)"];
87 [shape=box, width=0.3, label="122\n(73.48%)"];
110 [shape=box, width=0.3, label="185\n(74.62%)"];
89 [shape=box, width=0.3, label="131\n(74.41%)"];
93 [shape=box, width=0.3, label="135\n(74.31%)"];
1362 [shape=point];
189 [shape=box, width=0.3, label="62\n(62.89%)"];
1364 [shape=point];
1365 [shape=point];
11 [shape=box, width=0.3, label="67\n(65.61%)"];
192 [shape=box, width=0.3, label="61\n(62.95%)"];
1368 [shape=point];
39 [shape=box, width=0.3, label="164\n(73.78%)"];
1370 [shape=point];
1371 [shape=point];
23 [shape=box, width=0.3, label="59\n(74.84%)"];
24 [shape=box, width=0.3, label="60\n(73.56%)"];
86 [shape=box, width=0.3, label="121\n(73.37%)"];
1375 [shape=point];
1376 [shape=point];
91 [shape=box, width=0.3, label="133\n(77.25%)"];
1378 [shape=point];
94 [shape=box, width=0.3, label="136\n(77.74%)"];
95 [shape=box, width=0.3, label="137\n(70.31%)"];
107 [shape=box, width=0.3, label="99\n(75.31%)"];
109 [shape=box, width=0.3, label="173\n(70.28%)"];
133 [shape=box, width=0.3, label="216\n(71.65%)"];
163 [shape=box, width=0.3, label="239\n(72.76%)"];
211 [shape=box, width=0.3, label="220\n(67.46%)"];
1386 [shape=point];
5 [shape=box, width=0.3, label="223\n(63.56%)"];
1388 [shape=point];
90 [shape=box, width=0.3, label="132\n(75.92%)"];
96 [shape=box, width=0.3, label="138\n(70.11%)"];
102 [shape=box, width=0.3, label="237\n(74.14%)"];
108 [shape=box, width=0.3, label="100\n(75.45%)"];
233 [shape=box, width=0.3, label="240\n(68.91%)"];
1000 -> 1001 [label="197136"]
1000 -> 1236 [label="197136"]
1001 -> 1002 [label="24697"]
1001 -> 1007 [label="190428"]
1002 -> 150 [label="4857"]
1002 -> 151 [label="4879"]
1002 -> 182 [label="5829"]
1002 -> 195 [label="9139"]
1007 -> 1008 [label="24713"]
1007 -> 1013 [label="180962"]
1008 -> 14 [label="10291"]
1008 -> 149 [label="6156"]
1008 -> 155 [label="4726"]
1008 -> 223 [label="3560"]
1013 -> 1014 [label="27701"]
1013 -> 1023 [label="176553"]
1014 -> 18 [label="3252"]
1014 -> 48 [label="6265"]
1014 -> 1017 [label="7763"]
1014 -> 157 [label="2558"]
1014 -> 158 [label="3550"]
1014 -> 231 [label="4356"]
1017 -> 154 [label="4312"]
1017 -> 219 [label="3455"]
1023 -> 1024 [label="24534"]
1023 -> 1030 [label="168381"]
1024 -> 13 [label="9648"]
1024 -> 143 [label="3898"]
1024 -> 156 [label="3196"]
1024 -> 206 [label="4268"]
1024 -> 216 [label="3564"]
1030 -> 1031 [label="20303"]
1030 -> 1036 [label="164578"]
1031 -> 32 [label="4788"]
1031 -> 122 [label="5058"]
1031 -> 194 [label="7708"]
1031 -> 225 [label="2781"]
1036 -> 1037 [label="107644"]
1036 -> 1075 [label="121026"]
1037 -> 1038 [label="36411"]
1037 -> 1053 [label="51953"]
1038 -> 1039 [label="17638"]
1038 -> 15 [label="10553"]
1038 -> 78 [label="8385"]
1039 -> 1040 [label="54"]
1039 -> 16 [label="9870"]
1039 -> 77 [label="7780"]
1040 -> 1041 [label="28451"]
1041 -> 1042 [label="15199"]
1041 -> 61 [label="7286"]
1041 -> 79 [label="6775"]
1042 -> 1043 [label="9350"]
1042 -> 176 [label="5880"]
1043 -> 7 [label="3479"]
1043 -> 175 [label="5936"]
1053 -> 1054 [label="16200"]
1053 -> 1057 [label="37361"]
1054 -> 59 [label="6890"]
1054 -> 152 [label="9328"]
1057 -> 1058 [label="32627"]
1057 -> 204 [label="2989"]
1057 -> 229 [label="2507"]
1058 -> 203 [label="3014"]
1058 -> 1060 [label="29939"]
1060 -> 1040 [label="49"]
1060 -> 43 [label="10100"]
1060 -> 1062 [label="4048"]
1060 -> 1071 [label="4083"]
1040 -> 1041 [label="28451"]
1041 -> 1042 [label="15199"]
1041 -> 61 [label="7286"]
1041 -> 79 [label="6775"]
1042 -> 1043 [label="9350"]
1042 -> 176 [label="5880"]
1043 -> 7 [label="3479"]
1043 -> 175 [label="5936"]
1062 -> 1063 [label="4"]
1062 -> 226 [label="4051"]
1063 -> 1064 [label="13670"]
1064 -> 10 [label="4797"]
1064 -> 1066 [label="8944"]
1066 -> 44 [label="2869"]
1066 -> 45 [label="2882"]
1066 -> 62 [label="3199"]
1071 -> 227 [label="4086"]
1071 -> 1063 [label="4"]
1063 -> 1064 [label="13670"]
1064 -> 10 [label="4797"]
1064 -> 1066 [label="8944"]
1066 -> 44 [label="2869"]
1066 -> 45 [label="2882"]
1066 -> 62 [label="3199"]
1075 -> 1076 [label="101501"]
1075 -> 26 [label="10392"]
1075 -> 27 [label="9548"]
1075 -> 34 [label="3846"]
1075 -> 159 [label="3796"]
1075 -> 224 [label="6109"]
1076 -> 1077 [label="25780"]
1076 -> 1084 [label="88469"]
1077 -> 58 [label="4612"]
1077 -> 1079 [label="13645"]
1077 -> 184 [label="4382"]
1077 -> 228 [label="3257"]
1079 -> 146 [label="6470"]
1079 -> 147 [label="7197"]
1084 -> 1085 [label="72670"]
1084 -> 1217 [label="8235"]
1084 -> 1229 [label="2970"]
1085 -> 1086 [label="323291"]
1086 -> 1087 [label="155723"]
1086 -> 1182 [label="111749"]
1087 -> 178 [label="5765"]
1087 -> 1089 [label="151547"]
1089 -> 1090 [label="143919"]
1089 -> 177 [label="5636"]
1089 -> 230 [label="4841"]
1090 -> 1091 [label="131653"]
1090 -> 100 [label="6393"]
1090 -> 144 [label="4644"]
1090 -> 208 [label="4171"]
1091 -> 1092 [label="11481"]
1091 -> 1095 [label="122548"]
1092 -> 56 [label="6066"]
1092 -> 132 [label="5483"]
1095 -> 1096 [label="113969"]
1095 -> 55 [label="5762"]
1095 -> 126 [label="4978"]
1096 -> 1097 [label="16771"]
1096 -> 1102 [label="100129"]
1097 -> 1098 [label="12231"]
1097 -> 207 [label="4598"]
1098 -> 8 [label="7025"]
1098 -> 85 [label="5321"]
1102 -> 1103 [label="10300"]
1102 -> 1106 [label="91528"]
1103 -> 73 [label="4769"]
1103 -> 83 [label="5576"]
1106 -> 1107 [label="80482"]
1106 -> 81 [label="7643"]
1106 -> 130 [label="5326"]
1107 -> 1108 [label="10690"]
1107 -> 1111 [label="71320"]
1108 -> 54 [label="5320"]
1108 -> 127 [label="5453"]
1111 -> 1112 [label="17844"]
1111 -> 1117 [label="55736"]
1112 -> 70 [label="4839"]
1112 -> 71 [label="5837"]
1112 -> 234 [label="3819"]
1112 -> 235 [label="3619"]
1117 -> 1118 [label="37456"]
1117 -> 42 [label="5772"]
1117 -> 1169 [label="14356"]
1118 -> 1119 [label="4069"]
1118 -> 1160 [label="29064"]
1118 -> 41 [label="5809"]
1119 -> 1120 [label="141419"]
1120 -> 1121 [label="35"]
1120 -> 1123 [label="133854"]
1121 -> 238 [label="9712"]
1123 -> 237 [label="9429"]
1123 -> 1125 [label="126497"]
1125 -> 239 [label="10894"]
1125 -> 1127 [label="117896"]
1127 -> 1128 [label="109376"]
1127 -> 52 [label="4983"]
1127 -> 221 [label="4991"]
1128 -> 33 [label="5219"]
1128 -> 1130 [label="104907"]
1130 -> 1131 [label="9910"]
1130 -> 1134 [label="96269"]
1131 -> 111 [label="5436"]
1131 -> 215 [label="4498"]
1134 -> 1135 [label="29221"]
1134 -> 1142 [label="69657"]
1135 -> 25 [label="4490"]
1135 -> 28 [label="4600"]
1135 -> 30 [label="4591"]
1135 -> 50 [label="5080"]
1135 -> 51 [label="5026"]
1135 -> 69 [label="5785"]
1142 -> 35 [label="5454"]
1142 -> 1144 [label="64821"]
1144 -> 1145 [label="60290"]
1144 -> 222 [label="4844"]
1144 -> 1121 [label="34"]
1145 -> 1146 [label="36463"]
1145 -> 31 [label="4696"]
1145 -> 236 [label="20694"]
1146 -> 1147 [label="25464"]
1146 -> 209 [label="6147"]
1146 -> 210 [label="5505"]
1147 -> 9 [label="5141"]
1147 -> 17 [label="5947"]
1147 -> 19 [label="4331"]
1147 -> 20 [label="3913"]
1147 -> 46 [label="6506"]
1121 -> 238 [label="9712"]
1160 -> 3 [label="5133"]
1160 -> 82 [label="7510"]
1160 -> 1163 [label="16853"]
1163 -> 101 [label="6960"]
1163 -> 168 [label="5205"]
1163 -> 174 [label="4863"]
1169 -> 53 [label="4776"]
1169 -> 80 [label="5482"]
1169 -> 218 [label="4164"]
1182 -> 1183 [label="102009"]
1182 -> 99 [label="6423"]
1182 -> 145 [label="5124"]
1183 -> 1184 [label="93689"]
1183 -> 131 [label="5295"]
1183 -> 142 [label="4651"]
1184 -> 1185 [label="9590"]
1184 -> 1188 [label="85744"]
1185 -> 125 [label="5003"]
1185 -> 141 [label="4591"]
1188 -> 1189 [label="77630"]
1188 -> 97 [label="5274"]
1188 -> 140 [label="4484"]
1189 -> 1190 [label="15885"]
1189 -> 1194 [label="63558"]
1190 -> 6 [label="7184"]
1190 -> 84 [label="4516"]
1190 -> 129 [label="4374"]
1194 -> 1195 [label="54391"]
1194 -> 98 [label="5201"]
1194 -> 128 [label="5293"]
1195 -> 1119 [label="3195"]
1195 -> 1196 [label="43009"]
1195 -> 68 [label="5686"]
1195 -> 135 [label="5090"]
1119 -> 1120 [label="141419"]
1120 -> 1121 [label="35"]
1120 -> 1123 [label="133854"]
1121 -> 238 [label="9712"]
1123 -> 237 [label="9429"]
1123 -> 1125 [label="126497"]
1125 -> 239 [label="10894"]
1125 -> 1127 [label="117896"]
1127 -> 1128 [label="109376"]
1127 -> 52 [label="4983"]
1127 -> 221 [label="4991"]
1128 -> 33 [label="5219"]
1128 -> 1130 [label="104907"]
1130 -> 1131 [label="9910"]
1130 -> 1134 [label="96269"]
1131 -> 111 [label="5436"]
1131 -> 215 [label="4498"]
1134 -> 1135 [label="29221"]
1134 -> 1142 [label="69657"]
1135 -> 25 [label="4490"]
1135 -> 28 [label="4600"]
1135 -> 30 [label="4591"]
1135 -> 50 [label="5080"]
1135 -> 51 [label="5026"]
1135 -> 69 [label="5785"]
1142 -> 35 [label="5454"]
1142 -> 1144 [label="64821"]
1144 -> 1145 [label="60290"]
1144 -> 222 [label="4844"]
1144 -> 1121 [label="34"]
1145 -> 1146 [label="36463"]
1145 -> 31 [label="4696"]
1145 -> 236 [label="20694"]
1146 -> 1147 [label="25464"]
1146 -> 209 [label="6147"]
1146 -> 210 [label="5505"]
1147 -> 9 [label="5141"]
1147 -> 17 [label="5947"]
1147 -> 19 [label="4331"]
1147 -> 20 [label="3913"]
1147 -> 46 [label="6506"]
1121 -> 238 [label="9712"]
1196 -> 1197 [label="17662"]
1196 -> 1200 [label="26089"]
1197 -> 1 [label="7133"]
1197 -> 173 [label="10749"]
1200 -> 1201 [label="21182"]
1200 -> 67 [label="5120"]
1201 -> 1202 [label="17045"]
1201 -> 29 [label="4285"]
1202 -> 2 [label="11695"]
1202 -> 63 [label="5549"]
1217 -> 1218 [label="1"]
1217 -> 171 [label="3858"]
1217 -> 185 [label="4400"]
1218 -> 1219 [label="22263"]
1219 -> 1220 [label="17964"]
1219 -> 60 [label="4443"]
1220 -> 57 [label="3519"]
1220 -> 1222 [label="7399"]
1220 -> 202 [label="7193"]
1222 -> 179 [label="3806"]
1222 -> 180 [label="3595"]
1229 -> 172 [label="2972"]
1229 -> 1218 [label="2"]
1218 -> 1219 [label="22263"]
1219 -> 1220 [label="17964"]
1219 -> 60 [label="4443"]
1220 -> 57 [label="3519"]
1220 -> 1222 [label="7399"]
1220 -> 202 [label="7193"]
1222 -> 179 [label="3806"]
1222 -> 180 [label="3595"]
1236 -> 1237 [label="29379"]
1236 -> 1243 [label="208579"]
1237 -> 148 [label="7132"]
1237 -> 161 [label="5445"]
1237 -> 167 [label="5022"]
1237 -> 169 [label="5340"]
1237 -> 170 [label="6478"]
1243 -> 1244 [label="18908"]
1243 -> 1250 [label="211331"]
1244 -> 4 [label="4418"]
1244 -> 123 [label="2855"]
1244 -> 162 [label="3890"]
1244 -> 164 [label="3931"]
1244 -> 166 [label="3832"]
1250 -> 1251 [label="33706"]
1250 -> 1259 [label="216489"]
1251 -> 1252 [label="17459"]
1251 -> 49 [label="5921"]
1251 -> 116 [label="5772"]
1251 -> 191 [label="4632"]
1252 -> 12 [label="6518"]
1252 -> 119 [label="5338"]
1252 -> 121 [label="5647"]
1259 -> 1260 [label="37615"]
1259 -> 1267 [label="220409"]
1260 -> 139 [label="5051"]
1260 -> 153 [label="7969"]
1260 -> 165 [label="3747"]
1260 -> 183 [label="6802"]
1260 -> 190 [label="7565"]
1260 -> 196 [label="6861"]
1267 -> 1268 [label="42960"]
1267 -> 1281 [label="225180"]
1268 -> 117 [label="5829"]
1268 -> 1270 [label="5534"]
1268 -> 1276 [label="18996"]
1270 -> 1271 [label="3"]
1270 -> 120 [label="5533"]
1271 -> 1272 [label="12814"]
1272 -> 114 [label="6254"]
1272 -> 214 [label="6589"]
1276 -> 213 [label="6764"]
1276 -> 1278 [label="12261"]
1278 -> 1271 [label="4"]
1278 -> 115 [label="6186"]
1278 -> 137 [label="6088"]
1271 -> 1272 [label="12814"]
1272 -> 114 [label="6254"]
1272 -> 214 [label="6589"]
1281 -> 1282 [label="28829"]
1281 -> 1292 [label="225278"]
1282 -> 1283 [label="19731"]
1282 -> 118 [label="4974"]
1282 -> 201 [label="4328"]
1283 -> 1284 [label="14879"]
1283 -> 124 [label="4901"]
1284 -> 1285 [label="9950"]
1284 -> 181 [label="4957"]
1285 -> 75 [label="5203"]
1285 -> 205 [label="4781"]
1292 -> 1293 [label="27699"]
1292 -> 1304 [label="224045"]
1293 -> 1294 [label="17973"]
1293 -> 160 [label="4181"]
1293 -> 193 [label="5671"]
1294 -> 136 [label="4526"]
1294 -> 1296 [label="5125"]
1294 -> 1300 [label="4315"]
1296 -> 1297 [label="1"]
1296 -> 134 [label="5125"]
1297 -> 92 [label="4090"]
1300 -> 186 [label="4315"]
1300 -> 1297 [label="1"]
1297 -> 92 [label="4090"]
1304 -> 1305 [label="187072"]
1304 -> 1375 [label="169422"]
1305 -> 1306 [label="77942"]
1305 -> 1362 [label="33682"]
1306 -> 1307 [label="71176"]
1306 -> 89 [label="3915"]
1306 -> 93 [label="3904"]
1307 -> 217 [label="5865"]
1307 -> 1309 [label="65760"]
1309 -> 38 [label="5895"]
1309 -> 1311 [label="60177"]
1311 -> 1312 [label="48106"]
1311 -> 87 [label="6542"]
1311 -> 110 [label="6098"]
1312 -> 1313 [label="36644"]
1312 -> 197 [label="5661"]
1312 -> 198 [label="6306"]
1313 -> 1314 [label="23836"]
1313 -> 88 [label="6940"]
1313 -> 199 [label="6491"]
1314 -> 1315 [label="12501"]
1314 -> 40 [label="6135"]
1314 -> 106 [label="5781"]
1315 -> 1316 [label="512"]
1315 -> 105 [label="6110"]
1315 -> 138 [label="6157"]
1316 -> 1317 [label="103183"]
1317 -> 1318 [label="60754"]
1317 -> 1345 [label="15574"]
1318 -> 1319 [label="51644"]
1318 -> 1342 [label="9957"]
1319 -> 1320 [label="20142"]
1319 -> 1334 [label="32966"]
1320 -> 1321 [label="14560"]
1320 -> 65 [label="5644"]
1321 -> 1322 [label="39"]
1321 -> 72 [label="4824"]
1321 -> 104 [label="5414"]
1321 -> 220 [label="4393"]
1322 -> 1323 [label="32994"]
1323 -> 21 [label="5823"]
1323 -> 47 [label="6129"]
1323 -> 74 [label="5425"]
1323 -> 76 [label="5750"]
1323 -> 188 [label="5492"]
1323 -> 212 [label="5459"]
1334 -> 1335 [label="14209"]
1334 -> 36 [label="6048"]
1334 -> 187 [label="3822"]
1334 -> 200 [label="3954"]
1334 -> 232 [label="6212"]
1335 -> 22 [label="6350"]
1335 -> 37 [label="8011"]
1342 -> 64 [label="4172"]
1342 -> 66 [label="5799"]
1345 -> 1346 [label="5434"]
1345 -> 112 [label="5297"]
1345 -> 113 [label="5031"]
1346 -> 103 [label="5404"]
1346 -> 1322 [label="45"]
1322 -> 1323 [label="32994"]
1323 -> 21 [label="5823"]
1323 -> 47 [label="6129"]
1323 -> 74 [label="5425"]
1323 -> 76 [label="5750"]
1323 -> 188 [label="5492"]
1323 -> 212 [label="5459"]
1362 -> 189 [label="3904"]
1362 -> 1364 [label="30287"]
1364 -> 1365 [label="8396"]
1364 -> 1368 [label="22358"]
1365 -> 11 [label="4461"]
1365 -> 192 [label="4105"]
1368 -> 39 [label="5824"]
1368 -> 1370 [label="16821"]
1370 -> 1371 [label="5715"]
1370 -> 24 [label="5022"]
1370 -> 86 [label="6534"]
1371 -> 23 [label="5503"]
1371 -> 1316 [label="340"]
1316 -> 1317 [label="103183"]
1317 -> 1318 [label="60754"]
1317 -> 1345 [label="15574"]
1318 -> 1319 [label="51644"]
1318 -> 1342 [label="9957"]
1319 -> 1320 [label="20142"]
1319 -> 1334 [label="32966"]
1320 -> 1321 [label="14560"]
1320 -> 65 [label="5644"]
1321 -> 1322 [label="39"]
1321 -> 72 [label="4824"]
1321 -> 104 [label="5414"]
1321 -> 220 [label="4393"]
1322 -> 1323 [label="32994"]
1323 -> 21 [label="5823"]
1323 -> 47 [label="6129"]
1323 -> 74 [label="5425"]
1323 -> 76 [label="5750"]
1323 -> 188 [label="5492"]
1323 -> 212 [label="5459"]
1334 -> 1335 [label="14209"]
1334 -> 36 [label="6048"]
1334 -> 187 [label="3822"]
1334 -> 200 [label="3954"]
1334 -> 232 [label="6212"]
1335 -> 22 [label="6350"]
1335 -> 37 [label="8011"]
1342 -> 64 [label="4172"]
1342 -> 66 [label="5799"]
1345 -> 1346 [label="5434"]
1345 -> 112 [label="5297"]
1345 -> 113 [label="5031"]
1346 -> 103 [label="5404"]
1346 -> 1322 [label="45"]
1322 -> 1323 [label="32994"]
1323 -> 21 [label="5823"]
1323 -> 47 [label="6129"]
1323 -> 74 [label="5425"]
1323 -> 76 [label="5750"]
1323 -> 188 [label="5492"]
1323 -> 212 [label="5459"]
1375 -> 1376 [label="34993"]
1375 -> 1386 [label="151675"]
1376 -> 91 [label="3665"]
1376 -> 1378 [label="10490"]
1376 -> 107 [label="4604"]
1376 -> 109 [label="3664"]
1376 -> 133 [label="5167"]
1376 -> 163 [label="3621"]
1376 -> 211 [label="4067"]
1378 -> 94 [label="3941"]
1378 -> 95 [label="6593"]
1386 -> 1085 [label="136705"]
1386 -> 5 [label="4110"]
1386 -> 1388 [label="23630"]
1085 -> 1086 [label="323291"]
1086 -> 1087 [label="155723"]
1086 -> 1182 [label="111749"]
1087 -> 178 [label="5765"]
1087 -> 1089 [label="151547"]
1089 -> 1090 [label="143919"]
1089 -> 177 [label="5636"]
1089 -> 230 [label="4841"]
1090 -> 1091 [label="131653"]
1090 -> 100 [label="6393"]
1090 -> 144 [label="4644"]
1090 -> 208 [label="4171"]
1091 -> 1092 [label="11481"]
1091 -> 1095 [label="122548"]
1092 -> 56 [label="6066"]
1092 -> 132 [label="5483"]
1095 -> 1096 [label="113969"]
1095 -> 55 [label="5762"]
1095 -> 126 [label="4978"]
1096 -> 1097 [label="16771"]
1096 -> 1102 [label="100129"]
1097 -> 1098 [label="12231"]
1097 -> 207 [label="4598"]
1098 -> 8 [label="7025"]
1098 -> 85 [label="5321"]
1102 -> 1103 [label="10300"]
1102 -> 1106 [label="91528"]
1103 -> 73 [label="4769"]
1103 -> 83 [label="5576"]
1106 -> 1107 [label="80482"]
1106 -> 81 [label="7643"]
1106 -> 130 [label="5326"]
1107 -> 1108 [label="10690"]
1107 -> 1111 [label="71320"]
1108 -> 54 [label="5320"]
1108 -> 127 [label="5453"]
1111 -> 1112 [label="17844"]
1111 -> 1117 [label="55736"]
1112 -> 70 [label="4839"]
1112 -> 71 [label="5837"]
1112 -> 234 [label="3819"]
1112 -> 235 [label="3619"]
1117 -> 1118 [label="37456"]
1117 -> 42 [label="5772"]
1117 -> 1169 [label="14356"]
1118 -> 1119 [label="4069"]
1118 -> 1160 [label="29064"]
1118 -> 41 [label="5809"]
1119 -> 1120 [label="141419"]
1120 -> 1121 [label="35"]
1120 -> 1123 [label="133854"]
1121 -> 238 [label="9712"]
1123 -> 237 [label="9429"]
1123 -> 1125 [label="126497"]
1125 -> 239 [label="10894"]
1125 -> 1127 [label="117896"]
1127 -> 1128 [label="109376"]
1127 -> 52 [label="4983"]
1127 -> 221 [label="4991"]
1128 -> 33 [label="5219"]
1128 -> 1130 [label="104907"]
1130 -> 1131 [label="9910"]
1130 -> 1134 [label="96269"]
1131 -> 111 [label="5436"]
1131 -> 215 [label="4498"]
1134 -> 1135 [label="29221"]
1134 -> 1142 [label="69657"]
1135 -> 25 [label="4490"]
1135 -> 28 [label="4600"]
1135 -> 30 [label="4591"]
1135 -> 50 [label="5080"]
1135 -> 51 [label="5026"]
1135 -> 69 [label="5785"]
1142 -> 35 [label="5454"]
1142 -> 1144 [label="64821"]
1144 -> 1145 [label="60290"]
1144 -> 222 [label="4844"]
1144 -> 1121 [label="34"]
1145 -> 1146 [label="36463"]
1145 -> 31 [label="4696"]
1145 -> 236 [label="20694"]
1146 -> 1147 [label="25464"]
1146 -> 209 [label="6147"]
1146 -> 210 [label="5505"]
1147 -> 9 [label="5141"]
1147 -> 17 [label="5947"]
1147 -> 19 [label="4331"]
1147 -> 20 [label="3913"]
1147 -> 46 [label="6506"]
1121 -> 238 [label="9712"]
1160 -> 3 [label="5133"]
1160 -> 82 [label="7510"]
1160 -> 1163 [label="16853"]
1163 -> 101 [label="6960"]
1163 -> 168 [label="5205"]
1163 -> 174 [label="4863"]
1169 -> 53 [label="4776"]
1169 -> 80 [label="5482"]
1169 -> 218 [label="4164"]
1182 -> 1183 [label="102009"]
1182 -> 99 [label="6423"]
1182 -> 145 [label="5124"]
1183 -> 1184 [label="93689"]
1183 -> 131 [label="5295"]
1183 -> 142 [label="4651"]
1184 -> 1185 [label="9590"]
1184 -> 1188 [label="85744"]
1185 -> 125 [label="5003"]
1185 -> 141 [label="4591"]
1188 -> 1189 [label="77630"]
1188 -> 97 [label="5274"]
1188 -> 140 [label="4484"]
1189 -> 1190 [label="15885"]
1189 -> 1194 [label="63558"]
1190 -> 6 [label="7184"]
1190 -> 84 [label="4516"]
1190 -> 129 [label="4374"]
1194 -> 1195 [label="54391"]
1194 -> 98 [label="5201"]
1194 -> 128 [label="5293"]
1195 -> 1119 [label="3195"]
1195 -> 1196 [label="43009"]
1195 -> 68 [label="5686"]
1195 -> 135 [label="5090"]
1119 -> 1120 [label="141419"]
1120 -> 1121 [label="35"]
1120 -> 1123 [label="133854"]
1121 -> 238 [label="9712"]
1123 -> 237 [label="9429"]
1123 -> 1125 [label="126497"]
1125 -> 239 [label="10894"]
1125 -> 1127 [label="117896"]
1127 -> 1128 [label="109376"]
1127 -> 52 [label="4983"]
1127 -> 221 [label="4991"]
1128 -> 33 [label="5219"]
1128 -> 1130 [label="104907"]
1130 -> 1131 [label="9910"]
1130 -> 1134 [label="96269"]
1131 -> 111 [label="5436"]
1131 -> 215 [label="4498"]
1134 -> 1135 [label="29221"]
1134 -> 1142 [label="69657"]
1135 -> 25 [label="4490"]
1135 -> 28 [label="4600"]
1135 -> 30 [label="4591"]
1135 -> 50 [label="5080"]
1135 -> 51 [label="5026"]
1135 -> 69 [label="5785"]
1142 -> 35 [label="5454"]
1142 -> 1144 [label="64821"]
1144 -> 1145 [label="60290"]
1144 -> 222 [label="4844"]
1144 -> 1121 [label="34"]
1145 -> 1146 [label="36463"]
1145 -> 31 [label="4696"]
1145 -> 236 [label="20694"]
1146 -> 1147 [label="25464"]
1146 -> 209 [label="6147"]
1146 -> 210 [label="5505"]
1147 -> 9 [label="5141"]
1147 -> 17 [label="5947"]
1147 -> 19 [label="4331"]
1147 -> 20 [label="3913"]
1147 -> 46 [label="6506"]
1121 -> 238 [label="9712"]
1196 -> 1197 [label="17662"]
1196 -> 1200 [label="26089"]
1197 -> 1 [label="7133"]
1197 -> 173 [label="10749"]
1200 -> 1201 [label="21182"]
1200 -> 67 [label="5120"]
1201 -> 1202 [label="17045"]
1201 -> 29 [label="4285"]
1202 -> 2 [label="11695"]
1202 -> 63 [label="5549"]
1388 -> 90 [label="4454"]
1388 -> 96 [label="6597"]
1388 -> 102 [label="4838"]
1388 -> 108 [label="4635"]
1388 -> 233 [label="3277"]
}
// SUMMARY: eNewick output: (((212,213,207,192),((232,206,211,146),((181,198,(209,190),200,210,228),((231,130,182,195,189),((184,204,157,167),((((((((7,53),54),176,177))#H1,234,128),233,129),((174,178),((49,(#H1,180,(((38,(30,31,39)))#H2,51),(52,#H2))),50,148))),(((172,(127,179),159,147),((((84,((((71,156),((((58,109),72),((45,95),(((56,91),((43,86,6,79),(((((77)#H3,(76,(78,((22,((68,21),((16,17,19,35,36,69),(23,((((9,10,11,12,34),13,14),20,75),29,#H3))))),37,28)))))#H4,(5,94,(219,218,8)),26),27,(55,85,150)))),93,104))),70,90)),154,117,73),83,80)),((((89,112),(((57,108,96),((#H4,((110,2),(((1,87),18),88)),193,238),152,92)),151,111)),105,113),153,118)))#H5,((((115,(97,98),116),175))#H6,229,160),(230,#H6))),235,236,145,191,149))))))),((205,188,215,224,225),((222,226,194,201,214),(((106,196,203),199,143,169),((208,155,202,158,103,102),((144,(((107,142))#H7,197),(141,(#H7,139,140))),(((((125,101),170),171),183,126),(((114,((134)#H8,217),(221,#H8)),187,168),((((123,(163,(((((((((((((15,47,46,48,33,32))#H9,44,64,25),41),((24,162),161,3,4,227)),(40,42)),((63,#H9),81,82)))#H10,65,165),166,66),124,120),186,119),122,185))),131,135),(62,((67,61),(164,((59,#H10),60,121))))),((133,(136,137),99,173,216,239,220),(#H5,223,(132,138,237,100,240))))))))))));
// SUMMARY: In total 150187 units of triplet weight were -not- consistent with the ouput network.
// SUMMARY: Output network contained 2749178 triplets -not- in the original input.
// SUMMARY: Weight of missing triplets before contraction minus weight of missing triplets afterwards: 0
// SUMMARY: Number of surplus triplets before contraction minus number of surplus triplets afterwards: 723
// CONCLUSION: After post-processing we got 437545 units of triplet weight, that's 74.44% of total weight (before post-processing this was 74.44%).
// CONCLUSION: After post-processing the symmetric difference is thus 150187 + (1 * 2749178) = 2899365 (before post-processing this was 2900088)
// STAT: PERCENTAGE = 74.44
// STAT: NETWORK-TRIPLET SD = 2899365
